This is XeTeX, Version 3.141592653-2.6-0.999993 (TeX Live 2021/W32TeX) (preloaded format=xelatex 2021.7.20)  3 FEB 2023 11:07
entering extended mode
 restricted \write18 enabled.
 %&-line parsing enabled.
**states.tex
(./states.tex
LaTeX2e <2020-10-01> patch level 4
L3 programming layer <2021-02-18>
(c:/texlive/2021/texmf-dist/tex/latex/base/article.cls
Document Class: article 2020/04/10 v1.4m Standard LaTeX document class
(c:/texlive/2021/texmf-dist/tex/latex/base/size10.clo
File: size10.clo 2020/04/10 v1.4m Standard LaTeX file (size option)
)
\c@part=\count175
\c@section=\count176
\c@subsection=\count177
\c@subsubsection=\count178
\c@paragraph=\count179
\c@subparagraph=\count180
\c@figure=\count181
\c@table=\count182
\abovecaptionskip=\skip47
\belowcaptionskip=\skip48
\bibindent=\dimen138
)
(c:/texlive/2021/texmf-dist/tex/latex/tools/longtable.sty
Package: longtable 2020/01/07 v4.13 Multi-page Table package (DPC)
\LTleft=\skip49
\LTright=\skip50
\LTpre=\skip51
\LTpost=\skip52
\LTchunksize=\count183
\LTcapwidth=\dimen139
\LT@head=\box47
\LT@firsthead=\box48
\LT@foot=\box49
\LT@lastfoot=\box50
\LT@cols=\count184
\LT@rows=\count185
\c@LT@tables=\count186
\c@LT@chunks=\count187
\LT@p@ftn=\toks15
)
(c:/texlive/2021/texmf-dist/tex/latex/xcolor/xcolor.sty
Package: xcolor 2016/05/11 v2.12 LaTeX color extensions (UK)

(c:/texlive/2021/texmf-dist/tex/latex/graphics-cfg/color.cfg
File: color.cfg 2016/01/02 v1.6 sample color configuration
)
Package xcolor Info: Driver file: xetex.def on input line 225.

(c:/texlive/2021/texmf-dist/tex/latex/graphics-def/xetex.def
File: xetex.def 2021/03/18 v5.0k Graphics/color driver for xetex
)
Package xcolor Info: Model `cmy' substituted by `cmy0' on input line 1348.
Package xcolor Info: Model `RGB' extended on input line 1364.
Package xcolor Info: Model `HTML' substituted by `rgb' on input line 1366.
Package xcolor Info: Model `Hsb' substituted by `hsb' on input line 1367.
Package xcolor Info: Model `tHsb' substituted by `hsb' on input line 1368.
Package xcolor Info: Model `HSB' substituted by `hsb' on input line 1369.
Package xcolor Info: Model `Gray' substituted by `gray' on input line 1370.
Package xcolor Info: Model `wave' substituted by `hsb' on input line 1371.
)
(c:/texlive/2021/texmf-dist/tex/latex/l3backend/l3backend-xetex.def
File: l3backend-xetex.def 2021-03-18 L3 backend support: XeTeX

(|extractbb --version)
\c__kernel_sys_dvipdfmx_version_int=\count188
\l__color_backend_stack_int=\count189
\g__color_backend_stack_int=\count190
\g__graphics_track_int=\count191
\l__pdf_internal_box=\box51
\g__pdf_backend_object_int=\count192
\g__pdf_backend_annotation_int=\count193
\g__pdf_backend_link_int=\count194
) (./states.aux)
\openout1 = `states.aux'.

LaTeX Font Info:    Checking defaults for OML/cmm/m/it on input line 12.
LaTeX Font Info:    ... okay on input line 12.
LaTeX Font Info:    Checking defaults for OMS/cmsy/m/n on input line 12.
LaTeX Font Info:    ... okay on input line 12.
LaTeX Font Info:    Checking defaults for OT1/cmr/m/n on input line 12.
LaTeX Font Info:    ... okay on input line 12.
LaTeX Font Info:    Checking defaults for T1/cmr/m/n on input line 12.
LaTeX Font Info:    ... okay on input line 12.
LaTeX Font Info:    Checking defaults for TS1/cmr/m/n on input line 12.
LaTeX Font Info:    Trying to load font information for TS1+cmr on input line 1
2.

(c:/texlive/2021/texmf-dist/tex/latex/base/ts1cmr.fd
File: ts1cmr.fd 2019/12/16 v2.5j Standard LaTeX font definitions
)
LaTeX Font Info:    ... okay on input line 12.
LaTeX Font Info:    Checking defaults for TU/lmr/m/n on input line 12.
LaTeX Font Info:    ... okay on input line 12.
LaTeX Font Info:    Checking defaults for OMX/cmex/m/n on input line 12.
LaTeX Font Info:    ... okay on input line 12.
LaTeX Font Info:    Checking defaults for U/cmr/m/n on input line 12.
LaTeX Font Info:    ... okay on input line 12.
LaTeX Font Info:    External font `cmex10' loaded for size
(Font)              <17.28> on input line 13.
LaTeX Font Info:    External font `cmex10' loaded for size
(Font)              <12> on input line 13.
LaTeX Font Info:    External font `cmex10' loaded for size
(Font)              <8> on input line 13.
LaTeX Font Info:    External font `cmex10' loaded for size
(Font)              <6> on input line 13.

Overfull \hbox (33.35007pt too wide) in alignment at lines 15--56
 [] [] [] [] [] 
 []


Overfull \hbox (33.35007pt too wide) in alignment at lines 56--96
 [] [] [] [] [] 
 []


Overfull \hbox (33.35007pt too wide) in alignment at lines 96--136
 [] [] [] [] [] 
 []


Overfull \hbox (33.35007pt too wide) in alignment at lines 136--176
 [] [] [] [] [] 
 []

[1

]
Overfull \hbox (33.35007pt too wide) in alignment at lines 176--216
 [] [] [] [] [] 
 []


Overfull \hbox (33.35007pt too wide) in alignment at lines 216--256
 [] [] [] [] [] 
 []


Overfull \hbox (33.35007pt too wide) in alignment at lines 256--296
 [] [] [] [] [] 
 []

[2]
Overfull \hbox (33.35007pt too wide) in alignment at lines 296--336
 [] [] [] [] [] 
 []


Overfull \hbox (33.35007pt too wide) in alignment at lines 336--376
 [] [] [] [] [] 
 []


Overfull \hbox (33.35007pt too wide) in alignment at lines 376--416
 [] [] [] [] [] 
 []

[3]
Overfull \hbox (33.35007pt too wide) in alignment at lines 416--456
 [] [] [] [] [] 
 []


Overfull \hbox (33.35007pt too wide) in alignment at lines 456--496
 [] [] [] [] [] 
 []


Overfull \hbox (33.35007pt too wide) in alignment at lines 496--536
 [] [] [] [] [] 
 []

[4]
Overfull \hbox (33.35007pt too wide) in alignment at lines 536--576
 [] [] [] [] [] 
 []


Overfull \hbox (33.35007pt too wide) in alignment at lines 576--616
 [] [] [] [] [] 
 []


Overfull \hbox (33.35007pt too wide) in alignment at lines 616--656
 [] [] [] [] [] 
 []

[5]
Overfull \hbox (33.35007pt too wide) in alignment at lines 656--696
 [] [] [] [] [] 
 []


Overfull \hbox (33.35007pt too wide) in alignment at lines 696--736
 [] [] [] [] [] 
 []

[6]
Overfull \hbox (33.35007pt too wide) in alignment at lines 736--776
 [] [] [] [] [] 
 []


Overfull \hbox (33.35007pt too wide) in alignment at lines 776--816
 [] [] [] [] [] 
 []


Overfull \hbox (33.35007pt too wide) in alignment at lines 816--856
 [] [] [] [] [] 
 []

[7]
Overfull \hbox (33.35007pt too wide) in alignment at lines 856--896
 [] [] [] [] [] 
 []


Overfull \hbox (33.35007pt too wide) in alignment at lines 896--936
 [] [] [] [] [] 
 []


Overfull \hbox (33.35007pt too wide) in alignment at lines 936--976
 [] [] [] [] [] 
 []

[8]
Overfull \hbox (33.35007pt too wide) in alignment at lines 976--1016
 [] [] [] [] [] 
 []


Overfull \hbox (33.35007pt too wide) in alignment at lines 1016--1056
 [] [] [] [] [] 
 []


Overfull \hbox (33.35007pt too wide) in alignment at lines 1056--1096
 [] [] [] [] [] 
 []

[9]
Overfull \hbox (33.35007pt too wide) in alignment at lines 1096--1136
 [] [] [] [] [] 
 []


Overfull \hbox (33.35007pt too wide) in alignment at lines 1136--1176
 [] [] [] [] [] 
 []


Overfull \hbox (33.35007pt too wide) in alignment at lines 1176--1216
 [] [] [] [] [] 
 []

[10]
Overfull \hbox (33.35007pt too wide) in alignment at lines 1216--1256
 [] [] [] [] [] 
 []


Overfull \hbox (33.35007pt too wide) in alignment at lines 1256--1296
 [] [] [] [] [] 
 []


Overfull \hbox (33.35007pt too wide) in alignment at lines 1296--1336
 [] [] [] [] [] 
 []

[11]
Overfull \hbox (33.35007pt too wide) in alignment at lines 1336--1376
 [] [] [] [] [] 
 []


Overfull \hbox (33.35007pt too wide) in alignment at lines 1376--1416
 [] [] [] [] [] 
 []


Overfull \hbox (33.35007pt too wide) in alignment at lines 1416--1456
 [] [] [] [] [] 
 []

[12]
Overfull \hbox (33.35007pt too wide) in alignment at lines 1456--1496
 [] [] [] [] [] 
 []


Overfull \hbox (33.35007pt too wide) in alignment at lines 1496--1536
 [] [] [] [] [] 
 []


Overfull \hbox (33.35007pt too wide) in alignment at lines 1536--1576
 [] [] [] [] [] 
 []

[13]
Overfull \hbox (33.35007pt too wide) in alignment at lines 1576--1616
 [] [] [] [] [] 
 []


Overfull \hbox (33.35007pt too wide) in alignment at lines 1616--1656
 [] [] [] [] [] 
 []


Overfull \hbox (33.35007pt too wide) in alignment at lines 1656--1696
 [] [] [] [] [] 
 []

[14]
Overfull \hbox (33.35007pt too wide) in alignment at lines 1696--1736
 [] [] [] [] [] 
 []


Overfull \hbox (33.35007pt too wide) in alignment at lines 1736--1776
 [] [] [] [] [] 
 []


Overfull \hbox (33.35007pt too wide) in alignment at lines 1776--1816
 [] [] [] [] [] 
 []

[15]
Overfull \hbox (33.35007pt too wide) in alignment at lines 1816--1856
 [] [] [] [] [] 
 []


Overfull \hbox (33.35007pt too wide) in alignment at lines 1856--1896
 [] [] [] [] [] 
 []

[16]
Overfull \hbox (33.35007pt too wide) in alignment at lines 1896--1936
 [] [] [] [] [] 
 []


Overfull \hbox (33.35007pt too wide) in alignment at lines 1936--1976
 [] [] [] [] [] 
 []


Overfull \hbox (33.35007pt too wide) in alignment at lines 1976--2016
 [] [] [] [] [] 
 []

[17]
Overfull \hbox (33.35007pt too wide) in alignment at lines 2016--2056
 [] [] [] [] [] 
 []


Overfull \hbox (33.35007pt too wide) in alignment at lines 2056--2096
 [] [] [] [] [] 
 []


Overfull \hbox (33.35007pt too wide) in alignment at lines 2096--2136
 [] [] [] [] [] 
 []

[18]
Overfull \hbox (33.35007pt too wide) in alignment at lines 2136--2176
 [] [] [] [] [] 
 []


Overfull \hbox (33.35007pt too wide) in alignment at lines 2176--2216
 [] [] [] [] [] 
 []


Overfull \hbox (33.35007pt too wide) in alignment at lines 2216--2256
 [] [] [] [] [] 
 []

[19]
Overfull \hbox (33.35007pt too wide) in alignment at lines 2256--2296
 [] [] [] [] [] 
 []


Overfull \hbox (33.35007pt too wide) in alignment at lines 2296--2336
 [] [] [] [] [] 
 []


Overfull \hbox (33.35007pt too wide) in alignment at lines 2336--2376
 [] [] [] [] [] 
 []

[20]
Overfull \hbox (33.35007pt too wide) in alignment at lines 2376--2416
 [] [] [] [] [] 
 []


Overfull \hbox (33.35007pt too wide) in alignment at lines 2416--2456
 [] [] [] [] [] 
 []


Overfull \hbox (33.35007pt too wide) in alignment at lines 2456--2496
 [] [] [] [] [] 
 []

[21]
Overfull \hbox (33.35007pt too wide) in alignment at lines 2496--2536
 [] [] [] [] [] 
 []


Overfull \hbox (33.35007pt too wide) in alignment at lines 2536--2576
 [] [] [] [] [] 
 []


Overfull \hbox (33.35007pt too wide) in alignment at lines 2576--2616
 [] [] [] [] [] 
 []

[22]
Overfull \hbox (33.35007pt too wide) in alignment at lines 2616--2656
 [] [] [] [] [] 
 []


Overfull \hbox (33.35007pt too wide) in alignment at lines 2656--2696
 [] [] [] [] [] 
 []


Overfull \hbox (33.35007pt too wide) in alignment at lines 2696--2736
 [] [] [] [] [] 
 []

[23]
Overfull \hbox (33.35007pt too wide) in alignment at lines 2736--2776
 [] [] [] [] [] 
 []


Overfull \hbox (33.35007pt too wide) in alignment at lines 2776--2816
 [] [] [] [] [] 
 []


Overfull \hbox (33.35007pt too wide) in alignment at lines 2816--2856
 [] [] [] [] [] 
 []

[24]
Overfull \hbox (33.35007pt too wide) in alignment at lines 2856--2896
 [] [] [] [] [] 
 []


Overfull \hbox (33.35007pt too wide) in alignment at lines 2896--2936
 [] [] [] [] [] 
 []


Overfull \hbox (33.35007pt too wide) in alignment at lines 2936--2976
 [] [] [] [] [] 
 []

[25]
Overfull \hbox (33.35007pt too wide) in alignment at lines 2976--3016
 [] [] [] [] [] 
 []


Overfull \hbox (33.35007pt too wide) in alignment at lines 3016--3056
 [] [] [] [] [] 
 []

[26]
Overfull \hbox (33.35007pt too wide) in alignment at lines 3056--3096
 [] [] [] [] [] 
 []


Overfull \hbox (33.35007pt too wide) in alignment at lines 3096--3136
 [] [] [] [] [] 
 []


Overfull \hbox (33.35007pt too wide) in alignment at lines 3136--3176
 [] [] [] [] [] 
 []

[27]
Overfull \hbox (33.35007pt too wide) in alignment at lines 3176--3216
 [] [] [] [] [] 
 []


Overfull \hbox (33.35007pt too wide) in alignment at lines 3216--3256
 [] [] [] [] [] 
 []


Overfull \hbox (33.35007pt too wide) in alignment at lines 3256--3296
 [] [] [] [] [] 
 []

[28]
Overfull \hbox (33.35007pt too wide) in alignment at lines 3296--3336
 [] [] [] [] [] 
 []


Overfull \hbox (33.35007pt too wide) in alignment at lines 3336--3376
 [] [] [] [] [] 
 []


Overfull \hbox (33.35007pt too wide) in alignment at lines 3376--3416
 [] [] [] [] [] 
 []

[29]
Overfull \hbox (33.35007pt too wide) in alignment at lines 3416--3456
 [] [] [] [] [] 
 []


Overfull \hbox (33.35007pt too wide) in alignment at lines 3456--3496
 [] [] [] [] [] 
 []


Overfull \hbox (33.35007pt too wide) in alignment at lines 3496--3536
 [] [] [] [] [] 
 []

[30]
Overfull \hbox (33.35007pt too wide) in alignment at lines 3536--3576
 [] [] [] [] [] 
 []


Overfull \hbox (33.35007pt too wide) in alignment at lines 3576--3616
 [] [] [] [] [] 
 []


Overfull \hbox (33.35007pt too wide) in alignment at lines 3616--3656
 [] [] [] [] [] 
 []

[31]
Overfull \hbox (33.35007pt too wide) in alignment at lines 3656--3696
 [] [] [] [] [] 
 []


Overfull \hbox (33.35007pt too wide) in alignment at lines 3696--3736
 [] [] [] [] [] 
 []


Overfull \hbox (33.35007pt too wide) in alignment at lines 3736--3776
 [] [] [] [] [] 
 []

[32]
Overfull \hbox (33.35007pt too wide) in alignment at lines 3776--3816
 [] [] [] [] [] 
 []


Overfull \hbox (33.35007pt too wide) in alignment at lines 3816--3856
 [] [] [] [] [] 
 []


Overfull \hbox (33.35007pt too wide) in alignment at lines 3856--3896
 [] [] [] [] [] 
 []

[33]
Overfull \hbox (33.35007pt too wide) in alignment at lines 3896--3936
 [] [] [] [] [] 
 []


Overfull \hbox (33.35007pt too wide) in alignment at lines 3936--3976
 [] [] [] [] [] 
 []


Overfull \hbox (33.35007pt too wide) in alignment at lines 3976--4016
 [] [] [] [] [] 
 []

[34]
Overfull \hbox (33.35007pt too wide) in alignment at lines 4016--4056
 [] [] [] [] [] 
 []


Overfull \hbox (33.35007pt too wide) in alignment at lines 4056--4096
 [] [] [] [] [] 
 []


Overfull \hbox (33.35007pt too wide) in alignment at lines 4096--4136
 [] [] [] [] [] 
 []

[35]
Overfull \hbox (33.35007pt too wide) in alignment at lines 4136--4176
 [] [] [] [] [] 
 []


Overfull \hbox (33.35007pt too wide) in alignment at lines 4176--4216
 [] [] [] [] [] 
 []

[36]
Overfull \hbox (33.35007pt too wide) in alignment at lines 4216--4256
 [] [] [] [] [] 
 []


Overfull \hbox (33.35007pt too wide) in alignment at lines 4256--4296
 [] [] [] [] [] 
 []


Overfull \hbox (33.35007pt too wide) in alignment at lines 4296--4336
 [] [] [] [] [] 
 []

[37]
Overfull \hbox (33.35007pt too wide) in alignment at lines 4336--4376
 [] [] [] [] [] 
 []


Overfull \hbox (33.35007pt too wide) in alignment at lines 4376--4416
 [] [] [] [] [] 
 []


Overfull \hbox (33.35007pt too wide) in alignment at lines 4416--4456
 [] [] [] [] [] 
 []

[38]
Overfull \hbox (33.35007pt too wide) in alignment at lines 4456--4496
 [] [] [] [] [] 
 []


Overfull \hbox (33.35007pt too wide) in alignment at lines 4496--4536
 [] [] [] [] [] 
 []


Overfull \hbox (33.35007pt too wide) in alignment at lines 4536--4576
 [] [] [] [] [] 
 []

[39]
Overfull \hbox (33.35007pt too wide) in alignment at lines 4576--4616
 [] [] [] [] [] 
 []


Overfull \hbox (33.35007pt too wide) in alignment at lines 4616--4656
 [] [] [] [] [] 
 []


Overfull \hbox (33.35007pt too wide) in alignment at lines 4656--4696
 [] [] [] [] [] 
 []

[40]
Overfull \hbox (33.35007pt too wide) in alignment at lines 4696--4736
 [] [] [] [] [] 
 []


Overfull \hbox (33.35007pt too wide) in alignment at lines 4736--4755
 [] [] [] [] [] 
 []

[41] [42] (./states.aux) ) 
Here is how much of TeX's memory you used:
 1175 strings out of 476919
 17271 string characters out of 5825424
 400158 words of memory out of 5000000
 21224 multiletter control sequences out of 15000+600000
 407104 words of font info for 42 fonts, out of 8000000 for 9000
 1348 hyphenation exceptions out of 8191
 44i,6n,50p,162b,262s stack positions out of 5000i,500n,10000p,200000b,80000s

Output written on states.pdf (42 pages).
